Analysis & Synthesis report for mnist_nn
Tue Mar 23 15:27:22 2021
Quartus Prime Version 18.1.0 Build 625 09/12/2018 SJ Lite Edition


---------------------
; Table of Contents ;
---------------------
  1. Legal Notice
  2. Analysis & Synthesis Summary
  3. Analysis & Synthesis Settings
  4. Parallel Compilation
  5. Analysis & Synthesis Source Files Read
  6. Analysis & Synthesis Resource Usage Summary
  7. Analysis & Synthesis Resource Utilization by Entity
  8. Analysis & Synthesis RAM Summary
  9. Analysis & Synthesis IP Cores Summary
 10. General Register Statistics
 11. Source assignments for instantiate_ram:ram_0|ram_4k:comb_3|altsyncram:altsyncram_component|altsyncram_m0k2:auto_generated
 12. Parameter Settings for User Entity Instance: instantiate_ram:ram_0|ram_4k:comb_3|altsyncram:altsyncram_component
 13. altsyncram Parameter Settings by Entity Instance
 14. Port Connectivity Checks: "sync:buttons[1]"
 15. Port Connectivity Checks: "instantiate_ram:ram_0|ram_4k:comb_3"
 16. Port Connectivity Checks: "instantiate_ram:ram_0"
 17. Post-Synthesis Netlist Statistics for Top Partition
 18. Elapsed Time Per Partition
 19. Analysis & Synthesis Messages
 20. Analysis & Synthesis Suppressed Messages



----------------
; Legal Notice ;
----------------
Copyright (C) 2018  Intel Corporation. All rights reserved.
Your use of Intel Corporation's design tools, logic functions 
and other software and tools, and its AMPP partner logic 
functions, and any output files from any of the foregoing 
(including device programming or simulation files), and any 
associated documentation or information are expressly subject 
to the terms and conditions of the Intel Program License 
Subscription Agreement, the Intel Quartus Prime License Agreement,
the Intel FPGA IP License Agreement, or other applicable license
agreement, including, without limitation, that your use is for
the sole purpose of programming logic devices manufactured by
Intel and sold by Intel or its authorized distributors.  Please
refer to the applicable agreement for further details.



+----------------------------------------------------------------------------------+
; Analysis & Synthesis Summary                                                     ;
+------------------------------------+---------------------------------------------+
; Analysis & Synthesis Status        ; Successful - Tue Mar 23 15:27:22 2021       ;
; Quartus Prime Version              ; 18.1.0 Build 625 09/12/2018 SJ Lite Edition ;
; Revision Name                      ; mnist_nn                                    ;
; Top-level Entity Name              ; top_level                                   ;
; Family                             ; MAX 10                                      ;
; Total logic elements               ; 43                                          ;
;     Total combinational functions  ; 43                                          ;
;     Dedicated logic registers      ; 0                                           ;
; Total registers                    ; 0                                           ;
; Total pins                         ; 71                                          ;
; Total virtual pins                 ; 0                                           ;
; Total memory bits                  ; 4,096                                       ;
; Embedded Multiplier 9-bit elements ; 0                                           ;
; Total PLLs                         ; 0                                           ;
; UFM blocks                         ; 0                                           ;
; ADC blocks                         ; 0                                           ;
+------------------------------------+---------------------------------------------+


+------------------------------------------------------------------------------------------------------------+
; Analysis & Synthesis Settings                                                                              ;
+------------------------------------------------------------------+--------------------+--------------------+
; Option                                                           ; Setting            ; Default Value      ;
+------------------------------------------------------------------+--------------------+--------------------+
; Device                                                           ; 10M50DAF484C7G     ;                    ;
; Top-level entity name                                            ; top_level          ; mnist_nn           ;
; Family name                                                      ; MAX 10             ; Cyclone V          ;
; Use smart compilation                                            ; Off                ; Off                ;
; Enable parallel Assembler and Timing Analyzer during compilation ; On                 ; On                 ;
; Enable compact report table                                      ; Off                ; Off                ;
; Restructure Multiplexers                                         ; Auto               ; Auto               ;
; Create Debugging Nodes for IP Cores                              ; Off                ; Off                ;
; Preserve fewer node names                                        ; On                 ; On                 ;
; Intel FPGA IP Evaluation Mode                                    ; Enable             ; Enable             ;
; Verilog Version                                                  ; Verilog_2001       ; Verilog_2001       ;
; VHDL Version                                                     ; VHDL_1993          ; VHDL_1993          ;
; State Machine Processing                                         ; Auto               ; Auto               ;
; Safe State Machine                                               ; Off                ; Off                ;
; Extract Verilog State Machines                                   ; On                 ; On                 ;
; Extract VHDL State Machines                                      ; On                 ; On                 ;
; Ignore Verilog initial constructs                                ; Off                ; Off                ;
; Iteration limit for constant Verilog loops                       ; 5000               ; 5000               ;
; Iteration limit for non-constant Verilog loops                   ; 250                ; 250                ;
; Add Pass-Through Logic to Inferred RAMs                          ; On                 ; On                 ;
; Infer RAMs from Raw Logic                                        ; On                 ; On                 ;
; Parallel Synthesis                                               ; On                 ; On                 ;
; DSP Block Balancing                                              ; Auto               ; Auto               ;
; NOT Gate Push-Back                                               ; On                 ; On                 ;
; Power-Up Don't Care                                              ; On                 ; On                 ;
; Remove Redundant Logic Cells                                     ; Off                ; Off                ;
; Remove Duplicate Registers                                       ; On                 ; On                 ;
; Ignore CARRY Buffers                                             ; Off                ; Off                ;
; Ignore CASCADE Buffers                                           ; Off                ; Off                ;
; Ignore GLOBAL Buffers                                            ; Off                ; Off                ;
; Ignore ROW GLOBAL Buffers                                        ; Off                ; Off                ;
; Ignore LCELL Buffers                                             ; Off                ; Off                ;
; Ignore SOFT Buffers                                              ; On                 ; On                 ;
; Limit AHDL Integers to 32 Bits                                   ; Off                ; Off                ;
; Optimization Technique                                           ; Balanced           ; Balanced           ;
; Carry Chain Length                                               ; 70                 ; 70                 ;
; Auto Carry Chains                                                ; On                 ; On                 ;
; Auto Open-Drain Pins                                             ; On                 ; On                 ;
; Perform WYSIWYG Primitive Resynthesis                            ; Off                ; Off                ;
; Auto ROM Replacement                                             ; On                 ; On                 ;
; Auto RAM Replacement                                             ; On                 ; On                 ;
; Auto DSP Block Replacement                                       ; On                 ; On                 ;
; Auto Shift Register Replacement                                  ; Auto               ; Auto               ;
; Allow Shift Register Merging across Hierarchies                  ; Auto               ; Auto               ;
; Auto Clock Enable Replacement                                    ; On                 ; On                 ;
; Strict RAM Replacement                                           ; Off                ; Off                ;
; Allow Synchronous Control Signals                                ; On                 ; On                 ;
; Force Use of Synchronous Clear Signals                           ; Off                ; Off                ;
; Auto RAM Block Balancing                                         ; On                 ; On                 ;
; Auto RAM to Logic Cell Conversion                                ; Off                ; Off                ;
; Auto Resource Sharing                                            ; Off                ; Off                ;
; Allow Any RAM Size For Recognition                               ; Off                ; Off                ;
; Allow Any ROM Size For Recognition                               ; Off                ; Off                ;
; Allow Any Shift Register Size For Recognition                    ; Off                ; Off                ;
; Use LogicLock Constraints during Resource Balancing              ; On                 ; On                 ;
; Ignore translate_off and synthesis_off directives                ; Off                ; Off                ;
; Timing-Driven Synthesis                                          ; On                 ; On                 ;
; Report Parameter Settings                                        ; On                 ; On                 ;
; Report Source Assignments                                        ; On                 ; On                 ;
; Report Connectivity Checks                                       ; On                 ; On                 ;
; Ignore Maximum Fan-Out Assignments                               ; Off                ; Off                ;
; Synchronization Register Chain Length                            ; 2                  ; 2                  ;
; Power Optimization During Synthesis                              ; Normal compilation ; Normal compilation ;
; HDL message level                                                ; Level2             ; Level2             ;
; Suppress Register Optimization Related Messages                  ; Off                ; Off                ;
; Number of Removed Registers Reported in Synthesis Report         ; 5000               ; 5000               ;
; Number of Swept Nodes Reported in Synthesis Report               ; 5000               ; 5000               ;
; Number of Inverted Registers Reported in Synthesis Report        ; 100                ; 100                ;
; Clock MUX Protection                                             ; On                 ; On                 ;
; Auto Gated Clock Conversion                                      ; Off                ; Off                ;
; Block Design Naming                                              ; Auto               ; Auto               ;
; SDC constraint protection                                        ; Off                ; Off                ;
; Synthesis Effort                                                 ; Auto               ; Auto               ;
; Shift Register Replacement - Allow Asynchronous Clear Signal     ; On                 ; On                 ;
; Pre-Mapping Resynthesis Optimization                             ; Off                ; Off                ;
; Analysis & Synthesis Message Level                               ; Medium             ; Medium             ;
; Disable Register Merging Across Hierarchies                      ; Auto               ; Auto               ;
; Resource Aware Inference For Block RAM                           ; On                 ; On                 ;
+------------------------------------------------------------------+--------------------+--------------------+


+------------------------------------------+
; Parallel Compilation                     ;
+----------------------------+-------------+
; Processors                 ; Number      ;
+----------------------------+-------------+
; Number detected on machine ; 8           ;
; Maximum allowed            ; 8           ;
;                            ;             ;
; Average used               ; 1.00        ;
; Maximum used               ; 1           ;
;                            ;             ;
; Usage by Processor         ; % Time Used ;
;     Processor 1            ; 100.0%      ;
+----------------------------+-------------+


+------------------------------------------------------------------------------------------------------------------------------------------------------------------------------+
; Analysis & Synthesis Source Files Read                                                                                                                                       ;
+----------------------------------+-----------------+------------------------------+--------------------------------------------------------------------------------+---------+
; File Name with User-Entered Path ; Used in Netlist ; File Type                    ; File Name with Absolute Path                                                   ; Library ;
+----------------------------------+-----------------+------------------------------+--------------------------------------------------------------------------------+---------+
; sv_files/synchronizers.sv        ; yes             ; User SystemVerilog HDL File  ; /home/ece385user/Documents/MNIST_NN/sv_files/synchronizers.sv                  ;         ;
; sv_files/hex_driver.sv           ; yes             ; User SystemVerilog HDL File  ; /home/ece385user/Documents/MNIST_NN/sv_files/hex_driver.sv                     ;         ;
; sv_files/top_level.sv            ; yes             ; User SystemVerilog HDL File  ; /home/ece385user/Documents/MNIST_NN/sv_files/top_level.sv                      ;         ;
; ram_files/ram_4k.v               ; yes             ; User Wizard-Generated File   ; /home/ece385user/Documents/MNIST_NN/ram_files/ram_4k.v                         ;         ;
; sv_files/instantiate_ram.sv      ; yes             ; User SystemVerilog HDL File  ; /home/ece385user/Documents/MNIST_NN/sv_files/instantiate_ram.sv                ;         ;
; altsyncram.tdf                   ; yes             ; Megafunction                 ; /opt/intelFPGA_lite/18.1/quartus/libraries/megafunctions/altsyncram.tdf        ;         ;
; stratix_ram_block.inc            ; yes             ; Megafunction                 ; /opt/intelFPGA_lite/18.1/quartus/libraries/megafunctions/stratix_ram_block.inc ;         ;
; lpm_mux.inc                      ; yes             ; Megafunction                 ; /opt/intelFPGA_lite/18.1/quartus/libraries/megafunctions/lpm_mux.inc           ;         ;
; lpm_decode.inc                   ; yes             ; Megafunction                 ; /opt/intelFPGA_lite/18.1/quartus/libraries/megafunctions/lpm_decode.inc        ;         ;
; aglobal181.inc                   ; yes             ; Megafunction                 ; /opt/intelFPGA_lite/18.1/quartus/libraries/megafunctions/aglobal181.inc        ;         ;
; a_rdenreg.inc                    ; yes             ; Megafunction                 ; /opt/intelFPGA_lite/18.1/quartus/libraries/megafunctions/a_rdenreg.inc         ;         ;
; altrom.inc                       ; yes             ; Megafunction                 ; /opt/intelFPGA_lite/18.1/quartus/libraries/megafunctions/altrom.inc            ;         ;
; altram.inc                       ; yes             ; Megafunction                 ; /opt/intelFPGA_lite/18.1/quartus/libraries/megafunctions/altram.inc            ;         ;
; altdpram.inc                     ; yes             ; Megafunction                 ; /opt/intelFPGA_lite/18.1/quartus/libraries/megafunctions/altdpram.inc          ;         ;
; db/altsyncram_m0k2.tdf           ; yes             ; Auto-Generated Megafunction  ; /home/ece385user/Documents/MNIST_NN/db/altsyncram_m0k2.tdf                     ;         ;
+----------------------------------+-----------------+------------------------------+--------------------------------------------------------------------------------+---------+


+-----------------------------------------------------------+
; Analysis & Synthesis Resource Usage Summary               ;
+---------------------------------------------+-------------+
; Resource                                    ; Usage       ;
+---------------------------------------------+-------------+
; Estimated Total logic elements              ; 43          ;
;                                             ;             ;
; Total combinational functions               ; 43          ;
; Logic element usage by number of LUT inputs ;             ;
;     -- 4 input functions                    ; 42          ;
;     -- 3 input functions                    ; 0           ;
;     -- <=2 input functions                  ; 1           ;
;                                             ;             ;
; Logic elements by mode                      ;             ;
;     -- normal mode                          ; 43          ;
;     -- arithmetic mode                      ; 0           ;
;                                             ;             ;
; Total registers                             ; 0           ;
;     -- Dedicated logic registers            ; 0           ;
;     -- I/O registers                        ; 0           ;
;                                             ;             ;
; I/O pins                                    ; 71          ;
; Total memory bits                           ; 4096        ;
;                                             ;             ;
; Embedded Multiplier 9-bit elements          ; 0           ;
;                                             ;             ;
; Maximum fan-out node                        ; SW[0]~input ;
; Maximum fan-out                             ; 23          ;
; Total fan-out                               ; 441         ;
; Average fan-out                             ; 2.19        ;
+---------------------------------------------+-------------+


+----------------------------------------------------------------------------------------------------------------------------------------------------------------------------------------------------------------------------------------------------------------------------------------------------------------------------------------------------+
; Analysis & Synthesis Resource Utilization by Entity                                                                                                                                                                                                                                                                                                ;
+----------------------------------------------+---------------------+---------------------------+-------------+------------+--------------+---------+-----------+------+--------------+------------+---------------------------------------------------------------------------------------------------------------+-----------------+--------------+
; Compilation Hierarchy Node                   ; Combinational ALUTs ; Dedicated Logic Registers ; Memory Bits ; UFM Blocks ; DSP Elements ; DSP 9x9 ; DSP 18x18 ; Pins ; Virtual Pins ; ADC blocks ; Full Hierarchy Name                                                                                           ; Entity Name     ; Library Name ;
+----------------------------------------------+---------------------+---------------------------+-------------+------------+--------------+---------+-----------+------+--------------+------------+---------------------------------------------------------------------------------------------------------------+-----------------+--------------+
; |top_level                                   ; 43 (1)              ; 0 (0)                     ; 4096        ; 0          ; 0            ; 0       ; 0         ; 71   ; 0            ; 0          ; |top_level                                                                                                    ; top_level       ; work         ;
;    |hex_driver:hex_display[0]|               ; 7 (7)               ; 0 (0)                     ; 0           ; 0          ; 0            ; 0       ; 0         ; 0    ; 0            ; 0          ; |top_level|hex_driver:hex_display[0]                                                                          ; hex_driver      ; work         ;
;    |hex_driver:hex_display[1]|               ; 7 (7)               ; 0 (0)                     ; 0           ; 0          ; 0            ; 0       ; 0         ; 0    ; 0            ; 0          ; |top_level|hex_driver:hex_display[1]                                                                          ; hex_driver      ; work         ;
;    |hex_driver:hex_display[2]|               ; 7 (7)               ; 0 (0)                     ; 0           ; 0          ; 0            ; 0       ; 0         ; 0    ; 0            ; 0          ; |top_level|hex_driver:hex_display[2]                                                                          ; hex_driver      ; work         ;
;    |hex_driver:hex_display[3]|               ; 7 (7)               ; 0 (0)                     ; 0           ; 0          ; 0            ; 0       ; 0         ; 0    ; 0            ; 0          ; |top_level|hex_driver:hex_display[3]                                                                          ; hex_driver      ; work         ;
;    |hex_driver:hex_display[4]|               ; 7 (7)               ; 0 (0)                     ; 0           ; 0          ; 0            ; 0       ; 0         ; 0    ; 0            ; 0          ; |top_level|hex_driver:hex_display[4]                                                                          ; hex_driver      ; work         ;
;    |hex_driver:hex_display[5]|               ; 7 (7)               ; 0 (0)                     ; 0           ; 0          ; 0            ; 0       ; 0         ; 0    ; 0            ; 0          ; |top_level|hex_driver:hex_display[5]                                                                          ; hex_driver      ; work         ;
;    |instantiate_ram:ram_0|                   ; 0 (0)               ; 0 (0)                     ; 4096        ; 0          ; 0            ; 0       ; 0         ; 0    ; 0            ; 0          ; |top_level|instantiate_ram:ram_0                                                                              ; instantiate_ram ; work         ;
;       |ram_4k:comb_3|                        ; 0 (0)               ; 0 (0)                     ; 4096        ; 0          ; 0            ; 0       ; 0         ; 0    ; 0            ; 0          ; |top_level|instantiate_ram:ram_0|ram_4k:comb_3                                                                ; ram_4k          ; work         ;
;          |altsyncram:altsyncram_component|   ; 0 (0)               ; 0 (0)                     ; 4096        ; 0          ; 0            ; 0       ; 0         ; 0    ; 0            ; 0          ; |top_level|instantiate_ram:ram_0|ram_4k:comb_3|altsyncram:altsyncram_component                                ; altsyncram      ; work         ;
;             |altsyncram_m0k2:auto_generated| ; 0 (0)               ; 0 (0)                     ; 4096        ; 0          ; 0            ; 0       ; 0         ; 0    ; 0            ; 0          ; |top_level|instantiate_ram:ram_0|ram_4k:comb_3|altsyncram:altsyncram_component|altsyncram_m0k2:auto_generated ; altsyncram_m0k2 ; work         ;
+----------------------------------------------+---------------------+---------------------------+-------------+------------+--------------+---------+-----------+------+--------------+------------+---------------------------------------------------------------------------------------------------------------+-----------------+--------------+
Note: For table entries with two numbers listed, the numbers in parentheses indicate the number of resources of the given type used by the specific entity alone. The numbers listed outside of parentheses indicate the total resources of the given type used by the specific entity and all of its sub-entities in the hierarchy.


+--------------------------------------------------------------------------------------------------------------------------------------------------------------------------------------------------------------------------+
; Analysis & Synthesis RAM Summary                                                                                                                                                                                         ;
+---------------------------------------------------------------------------------------------------------------+------+----------------+--------------+--------------+--------------+--------------+------+---------------+
; Name                                                                                                          ; Type ; Mode           ; Port A Depth ; Port A Width ; Port B Depth ; Port B Width ; Size ; MIF           ;
+---------------------------------------------------------------------------------------------------------------+------+----------------+--------------+--------------+--------------+--------------+------+---------------+
; instantiate_ram:ram_0|ram_4k:comb_3|altsyncram:altsyncram_component|altsyncram_m0k2:auto_generated|ALTSYNCRAM ; M9K  ; True Dual Port ; 256          ; 16           ; 256          ; 16           ; 4096 ; 3_weights.mif ;
+---------------------------------------------------------------------------------------------------------------+------+----------------+--------------+--------------+--------------+--------------+------+---------------+


+-------------------------------------------------------------------------------------------------------------------------------------+
; Analysis & Synthesis IP Cores Summary                                                                                               ;
+--------+--------------+---------+--------------+--------------+------------------------------------------------+--------------------+
; Vendor ; IP Core Name ; Version ; Release Date ; License Type ; Entity Instance                                ; IP Include File    ;
+--------+--------------+---------+--------------+--------------+------------------------------------------------+--------------------+
; Altera ; RAM: 2-PORT  ; 18.1    ; N/A          ; N/A          ; |top_level|instantiate_ram:ram_0|ram_4k:comb_3 ; ram_files/ram_4k.v ;
+--------+--------------+---------+--------------+--------------+------------------------------------------------+--------------------+


+------------------------------------------------------+
; General Register Statistics                          ;
+----------------------------------------------+-------+
; Statistic                                    ; Value ;
+----------------------------------------------+-------+
; Total registers                              ; 0     ;
; Number of registers using Synchronous Clear  ; 0     ;
; Number of registers using Synchronous Load   ; 0     ;
; Number of registers using Asynchronous Clear ; 0     ;
; Number of registers using Asynchronous Load  ; 0     ;
; Number of registers using Clock Enable       ; 0     ;
; Number of registers using Preset             ; 0     ;
+----------------------------------------------+-------+


+---------------------------------------------------------------------------------------------------------------------------+
; Source assignments for instantiate_ram:ram_0|ram_4k:comb_3|altsyncram:altsyncram_component|altsyncram_m0k2:auto_generated ;
+---------------------------------+--------------------+------+-------------------------------------------------------------+
; Assignment                      ; Value              ; From ; To                                                          ;
+---------------------------------+--------------------+------+-------------------------------------------------------------+
; OPTIMIZE_POWER_DURING_SYNTHESIS ; NORMAL_COMPILATION ; -    ; -                                                           ;
+---------------------------------+--------------------+------+-------------------------------------------------------------+


+------------------------------------------------------------------------------------------------------------------+
; Parameter Settings for User Entity Instance: instantiate_ram:ram_0|ram_4k:comb_3|altsyncram:altsyncram_component ;
+------------------------------------+------------------------+----------------------------------------------------+
; Parameter Name                     ; Value                  ; Type                                               ;
+------------------------------------+------------------------+----------------------------------------------------+
; BYTE_SIZE_BLOCK                    ; 8                      ; Untyped                                            ;
; AUTO_CARRY_CHAINS                  ; ON                     ; AUTO_CARRY                                         ;
; IGNORE_CARRY_BUFFERS               ; OFF                    ; IGNORE_CARRY                                       ;
; AUTO_CASCADE_CHAINS                ; ON                     ; AUTO_CASCADE                                       ;
; IGNORE_CASCADE_BUFFERS             ; OFF                    ; IGNORE_CASCADE                                     ;
; WIDTH_BYTEENA                      ; 1                      ; Untyped                                            ;
; OPERATION_MODE                     ; BIDIR_DUAL_PORT        ; Untyped                                            ;
; WIDTH_A                            ; 16                     ; Signed Integer                                     ;
; WIDTHAD_A                          ; 8                      ; Signed Integer                                     ;
; NUMWORDS_A                         ; 256                    ; Signed Integer                                     ;
; OUTDATA_REG_A                      ; CLOCK0                 ; Untyped                                            ;
; ADDRESS_ACLR_A                     ; NONE                   ; Untyped                                            ;
; OUTDATA_ACLR_A                     ; NONE                   ; Untyped                                            ;
; WRCONTROL_ACLR_A                   ; NONE                   ; Untyped                                            ;
; INDATA_ACLR_A                      ; NONE                   ; Untyped                                            ;
; BYTEENA_ACLR_A                     ; NONE                   ; Untyped                                            ;
; WIDTH_B                            ; 16                     ; Signed Integer                                     ;
; WIDTHAD_B                          ; 8                      ; Signed Integer                                     ;
; NUMWORDS_B                         ; 256                    ; Signed Integer                                     ;
; INDATA_REG_B                       ; CLOCK0                 ; Untyped                                            ;
; WRCONTROL_WRADDRESS_REG_B          ; CLOCK0                 ; Untyped                                            ;
; RDCONTROL_REG_B                    ; CLOCK1                 ; Untyped                                            ;
; ADDRESS_REG_B                      ; CLOCK0                 ; Untyped                                            ;
; OUTDATA_REG_B                      ; CLOCK0                 ; Untyped                                            ;
; BYTEENA_REG_B                      ; CLOCK1                 ; Untyped                                            ;
; INDATA_ACLR_B                      ; NONE                   ; Untyped                                            ;
; WRCONTROL_ACLR_B                   ; NONE                   ; Untyped                                            ;
; ADDRESS_ACLR_B                     ; NONE                   ; Untyped                                            ;
; OUTDATA_ACLR_B                     ; NONE                   ; Untyped                                            ;
; RDCONTROL_ACLR_B                   ; NONE                   ; Untyped                                            ;
; BYTEENA_ACLR_B                     ; NONE                   ; Untyped                                            ;
; WIDTH_BYTEENA_A                    ; 1                      ; Signed Integer                                     ;
; WIDTH_BYTEENA_B                    ; 1                      ; Signed Integer                                     ;
; RAM_BLOCK_TYPE                     ; M9K                    ; Untyped                                            ;
; BYTE_SIZE                          ; 8                      ; Untyped                                            ;
; READ_DURING_WRITE_MODE_MIXED_PORTS ; DONT_CARE              ; Untyped                                            ;
; READ_DURING_WRITE_MODE_PORT_A      ; NEW_DATA_WITH_NBE_READ ; Untyped                                            ;
; READ_DURING_WRITE_MODE_PORT_B      ; NEW_DATA_WITH_NBE_READ ; Untyped                                            ;
; INIT_FILE                          ; 3_weights.mif          ; Untyped                                            ;
; INIT_FILE_LAYOUT                   ; PORT_A                 ; Untyped                                            ;
; MAXIMUM_DEPTH                      ; 0                      ; Untyped                                            ;
; CLOCK_ENABLE_INPUT_A               ; BYPASS                 ; Untyped                                            ;
; CLOCK_ENABLE_INPUT_B               ; BYPASS                 ; Untyped                                            ;
; CLOCK_ENABLE_OUTPUT_A              ; BYPASS                 ; Untyped                                            ;
; CLOCK_ENABLE_OUTPUT_B              ; BYPASS                 ; Untyped                                            ;
; CLOCK_ENABLE_CORE_A                ; USE_INPUT_CLKEN        ; Untyped                                            ;
; CLOCK_ENABLE_CORE_B                ; USE_INPUT_CLKEN        ; Untyped                                            ;
; ENABLE_ECC                         ; FALSE                  ; Untyped                                            ;
; ECC_PIPELINE_STAGE_ENABLED         ; FALSE                  ; Untyped                                            ;
; WIDTH_ECCSTATUS                    ; 3                      ; Untyped                                            ;
; DEVICE_FAMILY                      ; MAX 10                 ; Untyped                                            ;
; CBXI_PARAMETER                     ; altsyncram_m0k2        ; Untyped                                            ;
+------------------------------------+------------------------+----------------------------------------------------+
Note: In order to hide this table in the UI and the text report file, please set the "Show Parameter Settings in Synthesis Report" option in "Analysis and Synthesis Settings -> More Settings" to "Off".


+-----------------------------------------------------------------------------------------------------------------+
; altsyncram Parameter Settings by Entity Instance                                                                ;
+-------------------------------------------+---------------------------------------------------------------------+
; Name                                      ; Value                                                               ;
+-------------------------------------------+---------------------------------------------------------------------+
; Number of entity instances                ; 1                                                                   ;
; Entity Instance                           ; instantiate_ram:ram_0|ram_4k:comb_3|altsyncram:altsyncram_component ;
;     -- OPERATION_MODE                     ; BIDIR_DUAL_PORT                                                     ;
;     -- WIDTH_A                            ; 16                                                                  ;
;     -- NUMWORDS_A                         ; 256                                                                 ;
;     -- OUTDATA_REG_A                      ; CLOCK0                                                              ;
;     -- WIDTH_B                            ; 16                                                                  ;
;     -- NUMWORDS_B                         ; 256                                                                 ;
;     -- ADDRESS_REG_B                      ; CLOCK0                                                              ;
;     -- OUTDATA_REG_B                      ; CLOCK0                                                              ;
;     -- RAM_BLOCK_TYPE                     ; M9K                                                                 ;
;     -- READ_DURING_WRITE_MODE_MIXED_PORTS ; DONT_CARE                                                           ;
+-------------------------------------------+---------------------------------------------------------------------+


+----------------------------------------------------------------------------------------------------------------+
; Port Connectivity Checks: "sync:buttons[1]"                                                                    ;
+------+--------+----------+-------------------------------------------------------------------------------------+
; Port ; Type   ; Severity ; Details                                                                             ;
+------+--------+----------+-------------------------------------------------------------------------------------+
; q    ; Output ; Info     ; Connected to dangling logic. Logic that only feeds a dangling port will be removed. ;
+------+--------+----------+-------------------------------------------------------------------------------------+


+-----------------------------------------------------------------+
; Port Connectivity Checks: "instantiate_ram:ram_0|ram_4k:comb_3" ;
+--------+-------+----------+-------------------------------------+
; Port   ; Type  ; Severity ; Details                             ;
+--------+-------+----------+-------------------------------------+
; data_a ; Input ; Info     ; Stuck at GND                        ;
; data_b ; Input ; Info     ; Stuck at GND                        ;
; wren_a ; Input ; Info     ; Stuck at GND                        ;
; wren_b ; Input ; Info     ; Stuck at GND                        ;
+--------+-------+----------+-------------------------------------+


+----------------------------------------------------------------------------------------------------------------+
; Port Connectivity Checks: "instantiate_ram:ram_0"                                                              ;
+------+--------+----------+-------------------------------------------------------------------------------------+
; Port ; Type   ; Severity ; Details                                                                             ;
+------+--------+----------+-------------------------------------------------------------------------------------+
; Q_b  ; Output ; Info     ; Connected to dangling logic. Logic that only feeds a dangling port will be removed. ;
+------+--------+----------+-------------------------------------------------------------------------------------+


+-----------------------------------------------------+
; Post-Synthesis Netlist Statistics for Top Partition ;
+-----------------------+-----------------------------+
; Type                  ; Count                       ;
+-----------------------+-----------------------------+
; boundary_port         ; 71                          ;
; cycloneiii_lcell_comb ; 49                          ;
;     normal            ; 49                          ;
;         0 data inputs ; 1                           ;
;         1 data inputs ; 6                           ;
;         4 data inputs ; 42                          ;
; cycloneiii_ram_block  ; 16                          ;
;                       ;                             ;
; Max LUT depth         ; 2.00                        ;
; Average LUT depth     ; 1.46                        ;
+-----------------------+-----------------------------+


+-------------------------------+
; Elapsed Time Per Partition    ;
+----------------+--------------+
; Partition Name ; Elapsed Time ;
+----------------+--------------+
; Top            ; 00:00:00     ;
+----------------+--------------+


+-------------------------------+
; Analysis & Synthesis Messages ;
+-------------------------------+
Info: *******************************************************************
Info: Running Quartus Prime Analysis & Synthesis
    Info: Version 18.1.0 Build 625 09/12/2018 SJ Lite Edition
    Info: Processing started: Tue Mar 23 15:27:12 2021
Info: Command: quartus_map --read_settings_files=on --write_settings_files=off mnist_nn -c mnist_nn
Warning (18236): Number of processors has not been specified which may cause overloading on shared machines.  Set the global assignment NUM_PARALLEL_PROCESSORS in your QSF to an appropriate value for best performance.
Info (20030): Parallel compilation is enabled and will use 8 of the 8 processors detected
Info (12021): Found 3 design units, including 3 entities, in source file sv_files/synchronizers.sv
    Info (12023): Found entity 1: sync File: /home/ece385user/Documents/MNIST_NN/sv_files/synchronizers.sv Line: 7
    Info (12023): Found entity 2: sync_r0 File: /home/ece385user/Documents/MNIST_NN/sv_files/synchronizers.sv Line: 21
    Info (12023): Found entity 3: sync_r1 File: /home/ece385user/Documents/MNIST_NN/sv_files/synchronizers.sv Line: 42
Info (12021): Found 1 design units, including 1 entities, in source file sv_files/hex_driver.sv
    Info (12023): Found entity 1: hex_driver File: /home/ece385user/Documents/MNIST_NN/sv_files/hex_driver.sv Line: 1
Info (12021): Found 1 design units, including 1 entities, in source file sv_files/top_level.sv
    Info (12023): Found entity 1: top_level File: /home/ece385user/Documents/MNIST_NN/sv_files/top_level.sv Line: 1
Info (12021): Found 1 design units, including 1 entities, in source file ram_files/ram_4k.v
    Info (12023): Found entity 1: ram_4k File: /home/ece385user/Documents/MNIST_NN/ram_files/ram_4k.v Line: 39
Info (12021): Found 1 design units, including 1 entities, in source file sv_files/instantiate_ram.sv
    Info (12023): Found entity 1: instantiate_ram File: /home/ece385user/Documents/MNIST_NN/sv_files/instantiate_ram.sv Line: 1
Critical Warning (10846): Verilog HDL Instantiation warning at instantiate_ram.sv(18): instance has no name File: /home/ece385user/Documents/MNIST_NN/sv_files/instantiate_ram.sv Line: 18
Info (12127): Elaborating entity "top_level" for the top level hierarchy
Info (12128): Elaborating entity "hex_driver" for hierarchy "hex_driver:hex_display[0]" File: /home/ece385user/Documents/MNIST_NN/sv_files/top_level.sv Line: 18
Info (12128): Elaborating entity "instantiate_ram" for hierarchy "instantiate_ram:ram_0" File: /home/ece385user/Documents/MNIST_NN/sv_files/top_level.sv Line: 28
Info (12128): Elaborating entity "ram_4k" for hierarchy "instantiate_ram:ram_0|ram_4k:comb_3" File: /home/ece385user/Documents/MNIST_NN/sv_files/instantiate_ram.sv Line: 18
Info (12128): Elaborating entity "altsyncram" for hierarchy "instantiate_ram:ram_0|ram_4k:comb_3|altsyncram:altsyncram_component" File: /home/ece385user/Documents/MNIST_NN/ram_files/ram_4k.v Line: 97
Info (12130): Elaborated megafunction instantiation "instantiate_ram:ram_0|ram_4k:comb_3|altsyncram:altsyncram_component" File: /home/ece385user/Documents/MNIST_NN/ram_files/ram_4k.v Line: 97
Info (12133): Instantiated megafunction "instantiate_ram:ram_0|ram_4k:comb_3|altsyncram:altsyncram_component" with the following parameter: File: /home/ece385user/Documents/MNIST_NN/ram_files/ram_4k.v Line: 97
    Info (12134): Parameter "address_reg_b" = "CLOCK0"
    Info (12134): Parameter "clock_enable_input_a" = "BYPASS"
    Info (12134): Parameter "clock_enable_input_b" = "BYPASS"
    Info (12134): Parameter "clock_enable_output_a" = "BYPASS"
    Info (12134): Parameter "clock_enable_output_b" = "BYPASS"
    Info (12134): Parameter "indata_reg_b" = "CLOCK0"
    Info (12134): Parameter "init_file" = "3_weights.mif"
    Info (12134): Parameter "intended_device_family" = "MAX 10"
    Info (12134): Parameter "lpm_type" = "altsyncram"
    Info (12134): Parameter "numwords_a" = "256"
    Info (12134): Parameter "numwords_b" = "256"
    Info (12134): Parameter "operation_mode" = "BIDIR_DUAL_PORT"
    Info (12134): Parameter "outdata_aclr_a" = "NONE"
    Info (12134): Parameter "outdata_aclr_b" = "NONE"
    Info (12134): Parameter "outdata_reg_a" = "CLOCK0"
    Info (12134): Parameter "outdata_reg_b" = "CLOCK0"
    Info (12134): Parameter "power_up_uninitialized" = "FALSE"
    Info (12134): Parameter "ram_block_type" = "M9K"
    Info (12134): Parameter "read_during_write_mode_mixed_ports" = "DONT_CARE"
    Info (12134): Parameter "read_during_write_mode_port_a" = "NEW_DATA_WITH_NBE_READ"
    Info (12134): Parameter "read_during_write_mode_port_b" = "NEW_DATA_WITH_NBE_READ"
    Info (12134): Parameter "widthad_a" = "8"
    Info (12134): Parameter "widthad_b" = "8"
    Info (12134): Parameter "width_a" = "16"
    Info (12134): Parameter "width_b" = "16"
    Info (12134): Parameter "width_byteena_a" = "1"
    Info (12134): Parameter "width_byteena_b" = "1"
    Info (12134): Parameter "wrcontrol_wraddress_reg_b" = "CLOCK0"
Info (12021): Found 1 design units, including 1 entities, in source file db/altsyncram_m0k2.tdf
    Info (12023): Found entity 1: altsyncram_m0k2 File: /home/ece385user/Documents/MNIST_NN/db/altsyncram_m0k2.tdf Line: 27
Info (12128): Elaborating entity "altsyncram_m0k2" for hierarchy "instantiate_ram:ram_0|ram_4k:comb_3|altsyncram:altsyncram_component|altsyncram_m0k2:auto_generated" File: /opt/intelFPGA_lite/18.1/quartus/libraries/megafunctions/altsyncram.tdf Line: 791
Info (12128): Elaborating entity "sync" for hierarchy "sync:buttons[0]" File: /home/ece385user/Documents/MNIST_NN/sv_files/top_level.sv Line: 31
Warning (13024): Output pins are stuck at VCC or GND
    Warning (13410): Pin "HEX0[7]" is stuck at GND File: /home/ece385user/Documents/MNIST_NN/sv_files/top_level.sv Line: 5
    Warning (13410): Pin "HEX1[7]" is stuck at GND File: /home/ece385user/Documents/MNIST_NN/sv_files/top_level.sv Line: 5
    Warning (13410): Pin "HEX2[7]" is stuck at GND File: /home/ece385user/Documents/MNIST_NN/sv_files/top_level.sv Line: 5
    Warning (13410): Pin "HEX3[7]" is stuck at GND File: /home/ece385user/Documents/MNIST_NN/sv_files/top_level.sv Line: 5
    Warning (13410): Pin "HEX4[7]" is stuck at GND File: /home/ece385user/Documents/MNIST_NN/sv_files/top_level.sv Line: 5
    Warning (13410): Pin "HEX5[7]" is stuck at GND File: /home/ece385user/Documents/MNIST_NN/sv_files/top_level.sv Line: 5
    Warning (13410): Pin "LEDR[0]" is stuck at GND File: /home/ece385user/Documents/MNIST_NN/sv_files/top_level.sv Line: 7
    Warning (13410): Pin "LEDR[1]" is stuck at GND File: /home/ece385user/Documents/MNIST_NN/sv_files/top_level.sv Line: 7
    Warning (13410): Pin "LEDR[2]" is stuck at GND File: /home/ece385user/Documents/MNIST_NN/sv_files/top_level.sv Line: 7
    Warning (13410): Pin "LEDR[3]" is stuck at GND File: /home/ece385user/Documents/MNIST_NN/sv_files/top_level.sv Line: 7
    Warning (13410): Pin "LEDR[4]" is stuck at GND File: /home/ece385user/Documents/MNIST_NN/sv_files/top_level.sv Line: 7
    Warning (13410): Pin "LEDR[5]" is stuck at GND File: /home/ece385user/Documents/MNIST_NN/sv_files/top_level.sv Line: 7
    Warning (13410): Pin "LEDR[6]" is stuck at GND File: /home/ece385user/Documents/MNIST_NN/sv_files/top_level.sv Line: 7
    Warning (13410): Pin "LEDR[7]" is stuck at GND File: /home/ece385user/Documents/MNIST_NN/sv_files/top_level.sv Line: 7
    Warning (13410): Pin "LEDR[8]" is stuck at GND File: /home/ece385user/Documents/MNIST_NN/sv_files/top_level.sv Line: 7
    Warning (13410): Pin "LEDR[9]" is stuck at GND File: /home/ece385user/Documents/MNIST_NN/sv_files/top_level.sv Line: 7
Info (286030): Timing-Driven Synthesis is running
Warning (20013): Ignored 24 assignments for entity "DE10_LITE_Default" -- entity does not exist in design
    Warning (20014): Assignment for entity set_instance_assignment -name PARTITION_HIERARCHY root_partition -to | -entity DE10_LITE_Default -section_id Top was ignored
    Warning (20014): Assignment for entity set_global_assignment -name PARTITION_NETLIST_TYPE SOURCE -entity DE10_LITE_Default -section_id Top was ignored
    Warning (20014): Assignment for entity set_global_assignment -name PARTITION_FITTER_PRESERVATION_LEVEL PLACEMENT_AND_ROUTING -entity DE10_LITE_Default -section_id Top was ignored
    Warning (20014): Assignment for entity set_global_assignment -name PARTITION_PRESERVE_HIGH_SPEED_TILES ON -entity DE10_LITE_Default -section_id Top was ignored
    Warning (20014): Assignment for entity set_global_assignment -name PARTITION_IGNORE_SOURCE_FILE_CHANGES OFF -entity DE10_LITE_Default -section_id Top was ignored
    Warning (20014): Assignment for entity set_global_assignment -name PARTITION_ALWAYS_USE_QXP_NETLIST OFF -entity DE10_LITE_Default -section_id Top was ignored
    Warning (20014): Assignment for entity set_global_assignment -name PARTITION_COLOR 16764057 -entity DE10_LITE_Default -section_id Top was ignored
    Warning (20014): Assignment for entity set_global_assignment -name PARTITION_IMPORT_ASSIGNMENTS ON -entity DE10_LITE_Default -section_id Top was ignored
    Warning (20014): Assignment for entity set_global_assignment -name PARTITION_IMPORT_EXISTING_ASSIGNMENTS REPLACE_CONFLICTING -entity DE10_LITE_Default -section_id Top was ignored
    Warning (20014): Assignment for entity set_global_assignment -name PARTITION_IMPORT_EXISTING_LOGICLOCK_REGIONS UPDATE_CONFLICTING -entity DE10_LITE_Default -section_id Top was ignored
    Warning (20014): Assignment for entity set_global_assignment -name PARTITION_IMPORT_PIN_ASSIGNMENTS ON -entity DE10_LITE_Default -section_id Top was ignored
    Warning (20014): Assignment for entity set_global_assignment -name PARTITION_IMPORT_PROMOTE_ASSIGNMENTS ON -entity DE10_LITE_Default -section_id Top was ignored
    Warning (20014): Assignment for entity set_global_assignment -name PARTITION_TYPE STANDARD_PARTITION -entity DE10_LITE_Default -section_id Top was ignored
    Warning (20014): Assignment for entity set_global_assignment -name ALLOW_MULTIPLE_PERSONAS OFF -entity DE10_LITE_Default -section_id Top was ignored
    Warning (20014): Assignment for entity set_global_assignment -name PARTITION_ASD_REGION_ID 1 -entity DE10_LITE_Default -section_id Top was ignored
    Warning (20014): Assignment for entity set_global_assignment -name CROSS_BOUNDARY_OPTIMIZATIONS OFF -entity DE10_LITE_Default -section_id Top was ignored
    Warning (20014): Assignment for entity set_global_assignment -name PROPAGATE_CONSTANTS_ON_INPUTS ON -entity DE10_LITE_Default -section_id Top was ignored
    Warning (20014): Assignment for entity set_global_assignment -name PROPAGATE_INVERSIONS_ON_INPUTS ON -entity DE10_LITE_Default -section_id Top was ignored
    Warning (20014): Assignment for entity set_global_assignment -name REMOVE_LOGIC_ON_UNCONNECTED_OUTPUTS ON -entity DE10_LITE_Default -section_id Top was ignored
    Warning (20014): Assignment for entity set_global_assignment -name MERGE_EQUIVALENT_INPUTS ON -entity DE10_LITE_Default -section_id Top was ignored
    Warning (20014): Assignment for entity set_global_assignment -name MERGE_EQUIVALENT_BIDIRS ON -entity DE10_LITE_Default -section_id Top was ignored
    Warning (20014): Assignment for entity set_global_assignment -name ABSORB_PATHS_FROM_OUTPUTS_TO_INPUTS ON -entity DE10_LITE_Default -section_id Top was ignored
    Warning (20014): Assignment for entity set_global_assignment -name PARTITION_EXTRACT_HARD_BLOCK_NODES ON -entity DE10_LITE_Default -section_id Top was ignored
    Warning (20014): Assignment for entity set_global_assignment -name PARTITION_ENABLE_STRICT_PRESERVATION OFF -entity DE10_LITE_Default -section_id Top was ignored
Info (144001): Generated suppressed messages file /home/ece385user/Documents/MNIST_NN/output_files/mnist_nn.map.smsg
Info (16010): Generating hard_block partition "hard_block:auto_generated_inst"
    Info (16011): Adding 0 node(s), including 0 DDIO, 0 PLL, 0 transceiver and 0 LCELL
Warning (21074): Design contains 4 input pin(s) that do not drive logic
    Warning (15610): No output dependent on input pin "KEY[0]" File: /home/ece385user/Documents/MNIST_NN/sv_files/top_level.sv Line: 3
    Warning (15610): No output dependent on input pin "KEY[1]" File: /home/ece385user/Documents/MNIST_NN/sv_files/top_level.sv Line: 3
    Warning (15610): No output dependent on input pin "SW[8]" File: /home/ece385user/Documents/MNIST_NN/sv_files/top_level.sv Line: 4
    Warning (15610): No output dependent on input pin "SW[9]" File: /home/ece385user/Documents/MNIST_NN/sv_files/top_level.sv Line: 4
Info (21057): Implemented 130 device resources after synthesis - the final resource count might be different
    Info (21058): Implemented 13 input pins
    Info (21059): Implemented 58 output pins
    Info (21061): Implemented 43 logic cells
    Info (21064): Implemented 16 RAM segments
Info: Quartus Prime Analysis & Synthesis was successful. 0 errors, 49 warnings
    Info: Peak virtual memory: 988 megabytes
    Info: Processing ended: Tue Mar 23 15:27:22 2021
    Info: Elapsed time: 00:00:10
    Info: Total CPU time (on all processors): 00:00:22


+------------------------------------------+
; Analysis & Synthesis Suppressed Messages ;
+------------------------------------------+
The suppressed messages can be found in /home/ece385user/Documents/MNIST_NN/output_files/mnist_nn.map.smsg.


